<?xml version="1.0" encoding="UTF-8"?>
<coverage generated="1618437804082" clover="3.2.0">
  <project timestamp="1618437804082" name="All files">
    <metrics statements="15" coveredstatements="10" conditionals="4" coveredconditionals="3" methods="5" coveredmethods="4" elements="24" coveredelements="17" complexity="0" loc="15" ncloc="15" packages="2" files="3" classes="3"/>
    <package name="src">
      <metrics statements="1" coveredstatements="0" conditionals="0" coveredconditionals="0" methods="0" coveredmethods="0"/>
      <file name="index.js" path="/Users/chiara/Documents/GitHub/react-test/client/src/index.js">
        <metrics statements="1" coveredstatements="0" conditionals="0" coveredconditionals="0" methods="0" coveredmethods="0"/>
        <line num="8" count="0" type="stmt"/>
      </file>
    </package>
    <package name="src.country">
      <metrics statements="14" coveredstatements="10" conditionals="4" coveredconditionals="3" methods="5" coveredmethods="4"/>
      <file name="country.js" path="/Users/chiara/Documents/GitHub/react-test/client/src/country/country.js">
        <metrics statements="11" coveredstatements="9" conditionals="4" coveredconditionals="3" methods="4" coveredmethods="3"/>
        <line num="5" count="6" type="stmt"/>
        <line num="6" count="6" type="stmt"/>
        <line num="8" count="6" type="stmt"/>
        <line num="9" count="1" type="stmt"/>
        <line num="11" count="1" type="cond" truecount="3" falsecount="1"/>
        <line num="12" count="0" type="stmt"/>
        <line num="15" count="1" type="stmt"/>
        <line num="18" count="1" type="stmt"/>
        <line num="20" count="0" type="stmt"/>
        <line num="24" count="6" type="stmt"/>
        <line num="30" count="1" type="stmt"/>
      </file>
      <file name="countryAPI.js" path="/Users/chiara/Documents/GitHub/react-test/client/src/country/countryAPI.js">
        <metrics statements="3" coveredstatements="1" conditionals="0" coveredconditionals="0" methods="1" coveredmethods="1"/>
        <line num="7" count="1" type="stmt"/>
        <line num="8" count="0" type="stmt"/>
        <line num="9" count="0" type="stmt"/>
      </file>
    </package>
  </project>
</coverage>
