{"/Users/chiara/Documents/GitHub/react-test/client/src/index.js": {"path":"/Users/chiara/Documents/GitHub/react-test/client/src/index.js","statementMap":{"0":{"start":{"line":8,"column":0},"end":{"line":16,"column":2}}},"fnMap":{},"branchMap":{},"s":{"0":0},"f":{},"b":{}}
,"/Users/chiara/Documents/GitHub/react-test/client/src/country/country.js": {"path":"/Users/chiara/Documents/GitHub/react-test/client/src/country/country.js","statementMap":{"0":{"start":{"line":5,"column":42},"end":{"line":5,"column":54}},"1":{"start":{"line":6,"column":52},"end":{"line":6,"column":64}},"2":{"start":{"line":8,"column":25},"end":{"line":22,"column":5}},"3":{"start":{"line":9,"column":8},"end":{"line":9,"column":27}},"4":{"start":{"line":11,"column":8},"end":{"line":13,"column":9}},"5":{"start":{"line":12,"column":12},"end":{"line":12,"column":19}},"6":{"start":{"line":15,"column":8},"end":{"line":15,"column":45}},"7":{"start":{"line":18,"column":8},"end":{"line":21,"column":14}},"8":{"start":{"line":20,"column":16},"end":{"line":20,"column":39}},"9":{"start":{"line":24,"column":4},"end":{"line":36,"column":6}},"10":{"start":{"line":30,"column":79},"end":{"line":30,"column":118}}},"fnMap":{"0":{"name":"Country","decl":{"start":{"line":4,"column":9},"end":{"line":4,"column":16}},"loc":{"start":{"line":4,"column":19},"end":{"line":37,"column":1}},"line":4},"1":{"name":"(anonymous_1)","decl":{"start":{"line":8,"column":25},"end":{"line":8,"column":26}},"loc":{"start":{"line":8,"column":32},"end":{"line":22,"column":5}},"line":8},"2":{"name":"(anonymous_2)","decl":{"start":{"line":19,"column":18},"end":{"line":19,"column":19}},"loc":{"start":{"line":19,"column":29},"end":{"line":21,"column":13}},"line":19},"3":{"name":"(anonymous_3)","decl":{"start":{"line":30,"column":70},"end":{"line":30,"column":71}},"loc":{"start":{"line":30,"column":79},"end":{"line":30,"column":118}},"line":30}},"branchMap":{"0":{"loc":{"start":{"line":11,"column":8},"end":{"line":13,"column":9}},"type":"if","locations":[{"start":{"line":11,"column":8},"end":{"line":13,"column":9}},{"start":{"line":11,"column":8},"end":{"line":13,"column":9}}],"line":11},"1":{"loc":{"start":{"line":11,"column":12},"end":{"line":11,"column":54}},"type":"binary-expr","locations":[{"start":{"line":11,"column":12},"end":{"line":11,"column":29}},{"start":{"line":11,"column":33},"end":{"line":11,"column":54}}],"line":11}},"s":{"0":6,"1":6,"2":6,"3":1,"4":1,"5":0,"6":1,"7":1,"8":0,"9":6,"10":1},"f":{"0":6,"1":1,"2":0,"3":1},"b":{"0":[0,1],"1":[1,1]},"_coverageSchema":"1a1c01bbd47fc00a2c39e90264f33305004495a9","hash":"0d0ee564df4ef6828bae9d2f6c8541a1877df1a5"}
,"/Users/chiara/Documents/GitHub/react-test/client/src/country/countryAPI.js": {"path":"/Users/chiara/Documents/GitHub/react-test/client/src/country/countryAPI.js","statementMap":{"0":{"start":{"line":7,"column":21},"end":{"line":7,"column":88}},"1":{"start":{"line":8,"column":17},"end":{"line":8,"column":38}},"2":{"start":{"line":9,"column":4},"end":{"line":9,"column":24}}},"fnMap":{"0":{"name":"getCountry","decl":{"start":{"line":5,"column":22},"end":{"line":5,"column":32}},"loc":{"start":{"line":5,"column":46},"end":{"line":10,"column":1}},"line":5}},"branchMap":{},"s":{"0":1,"1":0,"2":0},"f":{"0":1},"b":{},"_coverageSchema":"1a1c01bbd47fc00a2c39e90264f33305004495a9","hash":"10b680a2b258930d081866fe07a591665ccadf4d"}
}
