TN:
SF:src/index.js
FNF:0
FNH:0
DA:8,0
LF:1
LH:0
BRF:0
BRH:0
end_of_record
TN:
SF:src/country/country.js
FN:4,Country
FN:8,(anonymous_1)
FN:19,(anonymous_2)
FN:30,(anonymous_3)
FNF:4
FNH:3
FNDA:6,Country
FNDA:1,(anonymous_1)
FNDA:0,(anonymous_2)
FNDA:1,(anonymous_3)
DA:5,6
DA:6,6
DA:8,6
DA:9,1
DA:11,1
DA:12,0
DA:15,1
DA:18,1
DA:20,0
DA:24,6
DA:30,1
LF:11
LH:9
BRDA:11,0,0,0
BRDA:11,0,1,1
BRDA:11,1,0,1
BRDA:11,1,1,1
BRF:4
BRH:3
end_of_record
TN:
SF:src/country/countryAPI.js
FN:5,getCountry
FNF:1
FNH:1
FNDA:1,getCountry
DA:7,1
DA:8,0
DA:9,0
LF:3
LH:1
BRF:0
BRH:0
end_of_record
